<?xml version="1.0" encoding="UTF-8"?>
<!-- Generated by org.testng.reporters.JUnitXMLReporter -->
<testsuite hostname="LAPTOP-JLUIEFO5" ignored="0" name="OpenCart Tests" tests="6" failures="0" timestamp="2023-02-16T16:40:43 IST" time="97.829" errors="0">
  <testcase name="acoount_registration" time="8.424" classname="testCases.TC_001_AccountRegistration"/>
  <testcase name="test_login" time="6.021" classname="testCases.TC_002_Login"/>
  <testcase name="test_loginDDT" time="4.901" classname="testCases.TC_003_LoginDDT"/>
  <testcase name="test_loginDDT" time="11.672" classname="testCases.TC_003_LoginDDT"/>
  <testcase name="test_loginDDT" time="11.593" classname="testCases.TC_003_LoginDDT"/>
  <testcase name="test_loginDDT" time="12.78" classname="testCases.TC_003_LoginDDT"/>
</testsuite> <!-- OpenCart Tests -->
