<?xml version="1.0" encoding="UTF-8"?>
<!-- Generated by org.testng.reporters.JUnitXMLReporter -->
<testsuite ignored="1" hostname="LAPTOP-JLUIEFO5" failures="0" tests="2" name="OpenCart Tests" time="30.309" errors="0" timestamp="2023-02-16T15:58:38 IST">
  <testcase classname="testCases.TC_001_AccountRegistration" name="acoount_registration" time="14.62"/>
  <testcase classname="testCases.TC_002_Login" name="test_login" time="7.311"/>
  <testcase classname="testCases.TC_003_LoginDDT" name="test_loginDDT" time="0.0">
    <ignored/>
  </testcase> <!-- test_loginDDT -->
</testsuite> <!-- OpenCart Tests -->
