<?xml version="1.0" encoding="UTF-8"?>
<testng-results ignored="0" total="1" passed="1" failed="0" skipped="0">
  <reporter-output>
  </reporter-output>
  <suite started-at="2023-02-17T14:23:42 IST" name="OpenCart Test Suite" finished-at="2023-02-17T14:23:55 IST" duration-ms="13266">
    <groups>
      <group name="regression">
        <method signature="TC_001_AccountRegistration.test_accout_Registration()[pri:0, instance:testCases.TC_001_AccountRegistration@4b8ee4de]" name="test_accout_Registration" class="testCases.TC_001_AccountRegistration"/>
      </group> <!-- regression -->
      <group name="master">
        <method signature="TC_001_AccountRegistration.test_accout_Registration()[pri:0, instance:testCases.TC_001_AccountRegistration@4b8ee4de]" name="test_accout_Registration" class="testCases.TC_001_AccountRegistration"/>
      </group> <!-- master -->
    </groups>
    <test started-at="2023-02-17T14:23:42 IST" name="OpenCart Tests" finished-at="2023-02-17T14:23:55 IST" duration-ms="13266">
      <class name="testCases.TC_001_AccountRegistration">
        <test-method is-config="true" signature="setup(java.lang.String)[pri:0, instance:testCases.TC_001_AccountRegistration@4b8ee4de]" started-at="2023-02-17T14:23:42 IST" name="setup" finished-at="2023-02-17T14:23:47 IST" duration-ms="4060" status="PASS">
          <params>
            <param index="0">
              <value>
                <![CDATA[chrome]]>
              </value>
            </param>
          </params>
          <reporter-output>
          </reporter-output>
        </test-method> <!-- setup -->
        <test-method signature="test_accout_Registration()[pri:0, instance:testCases.TC_001_AccountRegistration@4b8ee4de]" started-at="2023-02-17T14:23:47 IST" name="test_accout_Registration" finished-at="2023-02-17T14:23:55 IST" duration-ms="8394" status="PASS">
          <reporter-output>
          </reporter-output>
        </test-method> <!-- test_accout_Registration -->
        <test-method is-config="true" signature="tearDown()[pri:0, instance:testCases.TC_001_AccountRegistration@4b8ee4de]" started-at="2023-02-17T14:23:55 IST" name="tearDown" finished-at="2023-02-17T14:23:55 IST" duration-ms="287" status="PASS">
          <reporter-output>
          </reporter-output>
        </test-method> <!-- tearDown -->
      </class> <!-- testCases.TC_001_AccountRegistration -->
    </test> <!-- OpenCart Tests -->
  </suite> <!-- OpenCart Test Suite -->
</testng-results>
